[2025-11-18 12:47:55] Creating Leedz Tray....
[2025-11-18 13:00:11] Creating Leedz Tray....
[2025-11-18T21:15:04.370Z] Database connected successfully
[2025-11-18 13:15:04] Database connected successfully
[2025-11-18T21:15:04.375Z] * xServer listen failed: Error: listen EADDRINUSE: address already in use :::3000
    at Server.setupListenHandle [as _listen2] (node:net:1940:16)
    at listenInCluster (node:net:1997:12)
    at Server.listen (node:net:2102:7)
    at Function.listen (C:\Users\Scott\Desktop\WKG\INVOICER\server\node_modules\express\lib\application.js:635:24)
    at C:\Users\Scott\Desktop\WKG\INVOICER\server\src\leedz_server.js:668:24
[2025-11-18 13:15:04] * xServer listen failed: Error: listen EADDRINUSE: address already in use :::3000
[2025-11-18 13:15:04]     at Server.setupListenHandle [as _listen2] (node:net:1940:16)
[2025-11-18 13:15:04]     at listenInCluster (node:net:1997:12)
[2025-11-18 13:15:04]     at Server.listen (node:net:2102:7)
[2025-11-18 13:15:04]     at Function.listen (C:\Users\Scott\Desktop\WKG\INVOICER\server\node_modules\express\lib\application.js:635:24)
[2025-11-18 13:15:04]     at C:\Users\Scott\Desktop\WKG\INVOICER\server\src\leedz_server.js:668:24
[2025-11-19T03:49:53.626Z] Database connected successfully
[2025-11-19T03:49:53.644Z] ! Local API running on http://localhost:3000
[2025-11-19T03:50:12.918Z] GET /config
[2025-11-19T03:50:22.779Z] Received SIGINT, shutting down gracefully...
